

Date: 2023-07-20 12:55:17.540787
Called: getProfileByStreamName
Args:
{
    "streamName": "patata",
    "directory": "users/",
    "filename": "ejemplo",
    "result": {
        "_id": "64b911597c76476fd05d321a",
        "username": "ejemplo",
        "name": "patata"
    },
    "allowed_extensions": "{'jpg', 'jpeg', 'png'}",
    "extension": "png"
}
Response:
{   'error': '',
    'result': 'No existe el perfil del usuario ejemplo',
    'status': 404}


<------------------------------------------------------->


Date: 2023-07-20 12:56:30.360253
Called: getProfileByStreamName
Args:
{
    "streamName": "patata",
    "directory": "users/",
    "filename": "ejemplo",
    "result": {
        "_id": "64b911597c76476fd05d321a",
        "username": "ejemplo",
        "name": "patata"
    },
    "allowed_extensions": "{'jpg', 'jpeg', 'png'}",
    "extension": "png"
}
Response:
{   'error': '',
    'result': 'No existe el perfil del usuario ejemplo',
    'status': 404}


<------------------------------------------------------->


Date: 2023-07-20 13:02:06.379650
Called: getProfileByStreamName
Args:
{
    "streamName": "patata",
    "directory": "users/",
    "filename": "ejemplo",
    "result": {
        "_id": "64b911597c76476fd05d321a",
        "username": "ejemplo",
        "name": "patata"
    },
    "allowed_extensions": "{'jpg', 'jpeg', 'png'}",
    "extension": "png"
}
Response:
{   'error': '',
    'result': 'No existe el perfil del usuario ejemplo',
    'status': 404}


<------------------------------------------------------->


Date: 2023-07-20 13:03:47.222880
Called: getProfileByStreamName
Args:
{
    "streamName": "patata",
    "directory": "users/",
    "filename": "ejemplo",
    "result": {
        "_id": "64b911597c76476fd05d321a",
        "username": "ejemplo",
        "name": "patata"
    },
    "allowed_extensions": "{'jpg', 'jpeg', 'png'}",
    "extension": "png"
}
Response:
{   'error': '',
    'result': 'No existe el perfil del usuario ejemplo',
    'status': 404}


<------------------------------------------------------->


Date: 2023-07-20 13:03:57.042623
Called: getProfileByStreamName
Args:
{
    "streamName": "patata",
    "directory": "users/",
    "filename": "ejemplo",
    "result": {
        "_id": "64b911597c76476fd05d321a",
        "username": "ejemplo",
        "name": "patata"
    },
    "allowed_extensions": "{'jpg', 'jpeg', 'png'}",
    "extension": "png"
}
Response:
{   'error': '',
    'result': 'No existe el perfil del usuario ejemplo',
    'status': 404}


<------------------------------------------------------->


Date: 2023-07-20 13:06:21.127534
Called: getProfileByStreamName
Args:
{
    "streamName": "patata",
    "directory": "users/",
    "filename": "ejemplo",
    "result": {
        "_id": "64b911597c76476fd05d321a",
        "username": "ejemplo",
        "name": "patata"
    },
    "allowed_extensions": "{'jpg', 'jpeg', 'png'}",
    "extension": "png"
}
Response:
{   'error': '',
    'result': 'No existe el perfil del usuario ejemplo',
    'status': 404}


<------------------------------------------------------->


Date: 2023-07-20 13:06:59.503089
Called: getProfileByStreamName
Args:
{
    "streamName": "patata",
    "directory": "users/",
    "filename": "ejemplo",
    "result": {
        "_id": "64b911597c76476fd05d321a",
        "username": "ejemplo",
        "name": "patata"
    },
    "allowed_extensions": "{'jpg', 'jpeg', 'png'}",
    "extension": "png"
}
Response:
{   'error': '',
    'result': 'No existe el perfil del usuario ejemplo',
    'status': 404}


<------------------------------------------------------->


Date: 2023-07-20 13:09:08.186155
Called: getProfileByStreamName
Args:
{
    "streamName": "patata",
    "directory": "users/",
    "filename": "ejemplo",
    "result": {
        "_id": "64b911597c76476fd05d321a",
        "username": "ejemplo",
        "name": "patata"
    },
    "allowed_extensions": "{'jpg', 'jpeg', 'png'}",
    "extension": "png"
}
Response:
{   'error': '',
    'result': 'No existe el perfil del usuario ejemplo',
    'status': 404}


<------------------------------------------------------->


Date: 2023-07-20 13:09:11.936499
Called: getProfileByStreamName
Args:
{
    "streamName": "patata",
    "directory": "users/",
    "filename": "ejemplo",
    "result": {
        "_id": "64b911597c76476fd05d321a",
        "username": "ejemplo",
        "name": "patata"
    },
    "allowed_extensions": "{'jpg', 'jpeg', 'png'}",
    "extension": "png"
}
Response:
{   'error': '',
    'result': 'No existe el perfil del usuario ejemplo',
    'status': 404}


<------------------------------------------------------->
