

Date: 2023-11-30 09:02:04.155820
Called: getUserByNameOrEmail
Args:
{
    "username": "phermidagomez@gmail.com",
    "email": false,
    "result": {
        "_id": "64c9280e5d727d66f83f315c",
        "username": "Pablo Hermida",
        "password": "SSSSSHHHH SECRET",
        "email": "phermidagomez@gmail.com",
        "phone": "000000000",
        "status": 0,
        "emailVerified": true,
        "profile": "Pablo Hermidamanolo.jpg",
        "description": "",
        "token": "edfCiwx5wHK8pgxU",
        "streamkey": "KGF9TH3l"
    }
}
Response:
{   'error': '',
    'result': {   '_id': '64c9280e5d727d66f83f315c',
                  'description': '',
                  'email': 'phermidagomez@gmail.com',
                  'emailVerified': True,
                  'password': 'SSSSSHHHH SECRET',
                  'phone': '000000000',
                  'profile': 'Pablo Hermidamanolo.jpg',
                  'status': 0,
                  'streamkey': 'KGF9TH3l',
                  'token': 'edfCiwx5wHK8pgxU',
                  'username': 'Pablo Hermida'},
    'status': 200}


<------------------------------------------------------->


Date: 2023-11-30 09:02:14.132651
Called: getUserByNameOrEmail
Args:
{
    "username": "phermidagomez@gmail.com",
    "email": false,
    "result": {
        "_id": "64c9280e5d727d66f83f315c",
        "username": "Pablo Hermida",
        "password": "SSSSSHHHH SECRET",
        "email": "phermidagomez@gmail.com",
        "phone": "000000000",
        "status": 0,
        "emailVerified": true,
        "profile": "Pablo Hermidamanolo.jpg",
        "description": "",
        "token": "edfCiwx5wHK8pgxU",
        "streamkey": "KGF9TH3l"
    }
}
Response:
{   'error': '',
    'result': {   '_id': '64c9280e5d727d66f83f315c',
                  'description': '',
                  'email': 'phermidagomez@gmail.com',
                  'emailVerified': True,
                  'password': 'SSSSSHHHH SECRET',
                  'phone': '000000000',
                  'profile': 'Pablo Hermidamanolo.jpg',
                  'status': 0,
                  'streamkey': 'KGF9TH3l',
                  'token': 'edfCiwx5wHK8pgxU',
                  'username': 'Pablo Hermida'},
    'status': 200}


<------------------------------------------------------->


Date: 2023-11-30 09:42:01.818191
Called: getUserByNameOrEmail
Args:
{
    "username": "phermidagomez@gmail.com",
    "email": false,
    "result": {
        "_id": "64c9280e5d727d66f83f315c",
        "username": "Pablo Hermida",
        "password": "SSSSSHHHH SECRET",
        "email": "phermidagomez@gmail.com",
        "phone": "000000000",
        "status": 0,
        "emailVerified": true,
        "profile": "Pablo Hermidamanolo.jpg",
        "description": "",
        "token": "edfCiwx5wHK8pgxU",
        "streamkey": "KGF9TH3l"
    }
}
Response:
{   'error': '',
    'result': {   '_id': '64c9280e5d727d66f83f315c',
                  'description': '',
                  'email': 'phermidagomez@gmail.com',
                  'emailVerified': True,
                  'password': 'SSSSSHHHH SECRET',
                  'phone': '000000000',
                  'profile': 'Pablo Hermidamanolo.jpg',
                  'status': 0,
                  'streamkey': 'KGF9TH3l',
                  'token': 'edfCiwx5wHK8pgxU',
                  'username': 'Pablo Hermida'},
    'status': 200}


<------------------------------------------------------->


Date: 2023-11-30 12:34:22.327538
Called: getUserByNameOrEmail
Args:
{
    "username": "phermidagomez@gmail.com",
    "email": false,
    "result": {
        "_id": "64c9280e5d727d66f83f315c",
        "username": "Pablo Hermida",
        "password": "SSSSSHHHH SECRET",
        "email": "phermidagomez@gmail.com",
        "phone": "000000000",
        "status": 0,
        "emailVerified": true,
        "profile": "Pablo Hermidamanolo.jpg",
        "description": "",
        "token": "edfCiwx5wHK8pgxU",
        "streamkey": "KGF9TH3l"
    }
}
Response:
{   'error': '',
    'result': {   '_id': '64c9280e5d727d66f83f315c',
                  'description': '',
                  'email': 'phermidagomez@gmail.com',
                  'emailVerified': True,
                  'password': 'SSSSSHHHH SECRET',
                  'phone': '000000000',
                  'profile': 'Pablo Hermidamanolo.jpg',
                  'status': 0,
                  'streamkey': 'KGF9TH3l',
                  'token': 'edfCiwx5wHK8pgxU',
                  'username': 'Pablo Hermida'},
    'status': 200}


<------------------------------------------------------->
