

Date: 2023-12-02 13:19:54.785130
Called: getUserByNameOrEmail
Args:
{
    "username": "phermidagomez@gmail.com",
    "email": false,
    "result": {
        "_id": "64c9280e5d727d66f83f315c",
        "username": "Pablo Hermida",
        "password": "SSSSSHHHH SECRET",
        "email": "phermidagomez@gmail.com",
        "phone": "000000000",
        "status": 0,
        "emailVerified": true,
        "profile": "Pablo Hermidamanolo.jpg",
        "description": "",
        "token": "edfCiwx5wHK8pgxU",
        "streamkey": "KGF9TH3l"
    }
}
Response:
{   'error': '',
    'result': {   '_id': '64c9280e5d727d66f83f315c',
                  'description': '',
                  'email': 'phermidagomez@gmail.com',
                  'emailVerified': True,
                  'password': 'SSSSSHHHH SECRET',
                  'phone': '000000000',
                  'profile': 'Pablo Hermidamanolo.jpg',
                  'status': 0,
                  'streamkey': 'KGF9TH3l',
                  'token': 'edfCiwx5wHK8pgxU',
                  'username': 'Pablo Hermida'},
    'status': 200}


<------------------------------------------------------->


Date: 2023-12-02 13:26:13.637906
Called: getUserByNameOrEmail
Args:
{
    "username": "phermidagomez@gmail.com",
    "email": false,
    "result": {
        "_id": "64c9280e5d727d66f83f315c",
        "username": "Pablo Hermida",
        "password": "SSSSSHHHH SECRET",
        "email": "phermidagomez@gmail.com",
        "phone": "000000000",
        "status": 0,
        "emailVerified": true,
        "profile": "Pablo Hermidamanolo.jpg",
        "description": "",
        "token": "edfCiwx5wHK8pgxU",
        "streamkey": "KGF9TH3l"
    }
}
Response:
{   'error': '',
    'result': {   '_id': '64c9280e5d727d66f83f315c',
                  'description': '',
                  'email': 'phermidagomez@gmail.com',
                  'emailVerified': True,
                  'password': 'SSSSSHHHH SECRET',
                  'phone': '000000000',
                  'profile': 'Pablo Hermidamanolo.jpg',
                  'status': 0,
                  'streamkey': 'KGF9TH3l',
                  'token': 'edfCiwx5wHK8pgxU',
                  'username': 'Pablo Hermida'},
    'status': 200}


<------------------------------------------------------->


Date: 2023-12-02 13:28:20.339898
Called: getUserByNameOrEmail
Args:
{
    "username": "phermidagomez@gmail.com",
    "email": false,
    "result": {
        "_id": "64c9280e5d727d66f83f315c",
        "username": "Pablo Hermida",
        "password": "SSSSSHHHH SECRET",
        "email": "phermidagomez@gmail.com",
        "phone": "000000000",
        "status": 0,
        "emailVerified": true,
        "profile": "Pablo Hermidamanolo.jpg",
        "description": "",
        "token": "edfCiwx5wHK8pgxU",
        "streamkey": "KGF9TH3l"
    }
}
Response:
{   'error': '',
    'result': {   '_id': '64c9280e5d727d66f83f315c',
                  'description': '',
                  'email': 'phermidagomez@gmail.com',
                  'emailVerified': True,
                  'password': 'SSSSSHHHH SECRET',
                  'phone': '000000000',
                  'profile': 'Pablo Hermidamanolo.jpg',
                  'status': 0,
                  'streamkey': 'KGF9TH3l',
                  'token': 'edfCiwx5wHK8pgxU',
                  'username': 'Pablo Hermida'},
    'status': 200}


<------------------------------------------------------->


Date: 2023-12-02 13:29:12.924829
Called: getUserByNameOrEmail
Args:
{
    "username": "phermidagomez@gmail.com",
    "email": false,
    "result": {
        "_id": "64c9280e5d727d66f83f315c",
        "username": "Pablo Hermida",
        "password": "SSSSSHHHH SECRET",
        "email": "phermidagomez@gmail.com",
        "phone": "000000000",
        "status": 0,
        "emailVerified": true,
        "profile": "Pablo Hermidamanolo.jpg",
        "description": "",
        "token": "edfCiwx5wHK8pgxU",
        "streamkey": "KGF9TH3l"
    }
}
Response:
{   'error': '',
    'result': {   '_id': '64c9280e5d727d66f83f315c',
                  'description': '',
                  'email': 'phermidagomez@gmail.com',
                  'emailVerified': True,
                  'password': 'SSSSSHHHH SECRET',
                  'phone': '000000000',
                  'profile': 'Pablo Hermidamanolo.jpg',
                  'status': 0,
                  'streamkey': 'KGF9TH3l',
                  'token': 'edfCiwx5wHK8pgxU',
                  'username': 'Pablo Hermida'},
    'status': 200}


<------------------------------------------------------->


Date: 2023-12-02 13:33:24.335007
Called: getUserByNameOrEmail
Args:
{
    "username": "phermidagomez@gmail.com",
    "email": false,
    "result": {
        "_id": "64c9280e5d727d66f83f315c",
        "username": "Pablo Hermida",
        "password": "SSSSSHHHH SECRET",
        "email": "phermidagomez@gmail.com",
        "phone": "000000000",
        "status": 0,
        "emailVerified": true,
        "profile": "Pablo Hermidamanolo.jpg",
        "description": "",
        "token": "edfCiwx5wHK8pgxU",
        "streamkey": "KGF9TH3l"
    }
}
Response:
{   'error': '',
    'result': {   '_id': '64c9280e5d727d66f83f315c',
                  'description': '',
                  'email': 'phermidagomez@gmail.com',
                  'emailVerified': True,
                  'password': 'SSSSSHHHH SECRET',
                  'phone': '000000000',
                  'profile': 'Pablo Hermidamanolo.jpg',
                  'status': 0,
                  'streamkey': 'KGF9TH3l',
                  'token': 'edfCiwx5wHK8pgxU',
                  'username': 'Pablo Hermida'},
    'status': 200}


<------------------------------------------------------->


Date: 2023-12-02 14:01:54.881394
Called: getUserByNameOrEmail
Args:
{
    "username": "phermidagomez@gmail.com",
    "email": false,
    "result": {
        "_id": "64c9280e5d727d66f83f315c",
        "username": "Pablo Hermida",
        "password": "SSSSSHHHH SECRET",
        "email": "phermidagomez@gmail.com",
        "phone": "000000000",
        "status": 0,
        "emailVerified": true,
        "profile": "Pablo Hermidamanolo.jpg",
        "description": "",
        "token": "edfCiwx5wHK8pgxU",
        "streamkey": "KGF9TH3l"
    }
}
Response:
{   'error': '',
    'result': {   '_id': '64c9280e5d727d66f83f315c',
                  'description': '',
                  'email': 'phermidagomez@gmail.com',
                  'emailVerified': True,
                  'password': 'SSSSSHHHH SECRET',
                  'phone': '000000000',
                  'profile': 'Pablo Hermidamanolo.jpg',
                  'status': 0,
                  'streamkey': 'KGF9TH3l',
                  'token': 'edfCiwx5wHK8pgxU',
                  'username': 'Pablo Hermida'},
    'status': 200}


<------------------------------------------------------->


Date: 2023-12-02 14:31:05.092382
Called: getUserByNameOrEmail
Args:
{
    "username": "phermidagomez@gmail.com",
    "email": false,
    "result": {
        "_id": "64c9280e5d727d66f83f315c",
        "username": "Pablo Hermida",
        "password": "SSSSSHHHH SECRET",
        "email": "phermidagomez@gmail.com",
        "phone": "000000000",
        "status": 0,
        "emailVerified": true,
        "profile": "Pablo Hermidamanolo.jpg",
        "description": "",
        "token": "edfCiwx5wHK8pgxU",
        "streamkey": "KGF9TH3l"
    }
}
Response:
{   'error': '',
    'result': {   '_id': '64c9280e5d727d66f83f315c',
                  'description': '',
                  'email': 'phermidagomez@gmail.com',
                  'emailVerified': True,
                  'password': 'SSSSSHHHH SECRET',
                  'phone': '000000000',
                  'profile': 'Pablo Hermidamanolo.jpg',
                  'status': 0,
                  'streamkey': 'KGF9TH3l',
                  'token': 'edfCiwx5wHK8pgxU',
                  'username': 'Pablo Hermida'},
    'status': 200}


<------------------------------------------------------->


Date: 2023-12-02 14:32:11.310823
Called: getUserByNameOrEmail
Args:
{
    "username": "phermidagomez@gmail.com",
    "email": false,
    "result": {
        "_id": "64c9280e5d727d66f83f315c",
        "username": "Pablo Hermida",
        "password": "SSSSSHHHH SECRET",
        "email": "phermidagomez@gmail.com",
        "phone": "000000000",
        "status": 0,
        "emailVerified": true,
        "profile": "Pablo Hermidamanolo.jpg",
        "description": "",
        "token": "edfCiwx5wHK8pgxU",
        "streamkey": "KGF9TH3l"
    }
}
Response:
{   'error': '',
    'result': {   '_id': '64c9280e5d727d66f83f315c',
                  'description': '',
                  'email': 'phermidagomez@gmail.com',
                  'emailVerified': True,
                  'password': 'SSSSSHHHH SECRET',
                  'phone': '000000000',
                  'profile': 'Pablo Hermidamanolo.jpg',
                  'status': 0,
                  'streamkey': 'KGF9TH3l',
                  'token': 'edfCiwx5wHK8pgxU',
                  'username': 'Pablo Hermida'},
    'status': 200}


<------------------------------------------------------->


Date: 2023-12-02 14:33:53.644245
Called: getUserByNameOrEmail
Args:
{
    "username": "phermidagomez@gmail.com",
    "email": false,
    "result": {
        "_id": "64c9280e5d727d66f83f315c",
        "username": "Pablo Hermida",
        "password": "SSSSSHHHH SECRET",
        "email": "phermidagomez@gmail.com",
        "phone": "000000000",
        "status": 0,
        "emailVerified": true,
        "profile": "Pablo Hermidamanolo.jpg",
        "description": "",
        "token": "edfCiwx5wHK8pgxU",
        "streamkey": "KGF9TH3l"
    }
}
Response:
{   'error': '',
    'result': {   '_id': '64c9280e5d727d66f83f315c',
                  'description': '',
                  'email': 'phermidagomez@gmail.com',
                  'emailVerified': True,
                  'password': 'SSSSSHHHH SECRET',
                  'phone': '000000000',
                  'profile': 'Pablo Hermidamanolo.jpg',
                  'status': 0,
                  'streamkey': 'KGF9TH3l',
                  'token': 'edfCiwx5wHK8pgxU',
                  'username': 'Pablo Hermida'},
    'status': 200}


<------------------------------------------------------->


Date: 2023-12-02 14:34:58.887813
Called: getUserByNameOrEmail
Args:
{
    "username": "phermidagomez@gmail.com",
    "email": false,
    "result": {
        "_id": "64c9280e5d727d66f83f315c",
        "username": "Pablo Hermida",
        "password": "SSSSSHHHH SECRET",
        "email": "phermidagomez@gmail.com",
        "phone": "000000000",
        "status": 0,
        "emailVerified": true,
        "profile": "Pablo Hermidamanolo.jpg",
        "description": "",
        "token": "edfCiwx5wHK8pgxU",
        "streamkey": "KGF9TH3l"
    }
}
Response:
{   'error': '',
    'result': {   '_id': '64c9280e5d727d66f83f315c',
                  'description': '',
                  'email': 'phermidagomez@gmail.com',
                  'emailVerified': True,
                  'password': 'SSSSSHHHH SECRET',
                  'phone': '000000000',
                  'profile': 'Pablo Hermidamanolo.jpg',
                  'status': 0,
                  'streamkey': 'KGF9TH3l',
                  'token': 'edfCiwx5wHK8pgxU',
                  'username': 'Pablo Hermida'},
    'status': 200}


<------------------------------------------------------->


Date: 2023-12-02 14:35:11.068094
Called: getUserByNameOrEmail
Args:
{
    "username": "phermidagomez@gmail.com",
    "email": false,
    "result": {
        "_id": "64c9280e5d727d66f83f315c",
        "username": "Pablo Hermida",
        "password": "SSSSSHHHH SECRET",
        "email": "phermidagomez@gmail.com",
        "phone": "000000000",
        "status": 0,
        "emailVerified": true,
        "profile": "Pablo Hermidamanolo.jpg",
        "description": "",
        "token": "edfCiwx5wHK8pgxU",
        "streamkey": "KGF9TH3l"
    }
}
Response:
{   'error': '',
    'result': {   '_id': '64c9280e5d727d66f83f315c',
                  'description': '',
                  'email': 'phermidagomez@gmail.com',
                  'emailVerified': True,
                  'password': 'SSSSSHHHH SECRET',
                  'phone': '000000000',
                  'profile': 'Pablo Hermidamanolo.jpg',
                  'status': 0,
                  'streamkey': 'KGF9TH3l',
                  'token': 'edfCiwx5wHK8pgxU',
                  'username': 'Pablo Hermida'},
    'status': 200}


<------------------------------------------------------->


Date: 2023-12-02 14:35:57.396936
Called: getUserByNameOrEmail
Args:
{
    "username": "phermidagomez@gmail.com",
    "email": false,
    "result": {
        "_id": "64c9280e5d727d66f83f315c",
        "username": "Pablo Hermida",
        "password": "SSSSSHHHH SECRET",
        "email": "phermidagomez@gmail.com",
        "phone": "000000000",
        "status": 0,
        "emailVerified": true,
        "profile": "Pablo Hermidamanolo.jpg",
        "description": "",
        "token": "edfCiwx5wHK8pgxU",
        "streamkey": "KGF9TH3l"
    }
}
Response:
{   'error': '',
    'result': {   '_id': '64c9280e5d727d66f83f315c',
                  'description': '',
                  'email': 'phermidagomez@gmail.com',
                  'emailVerified': True,
                  'password': 'SSSSSHHHH SECRET',
                  'phone': '000000000',
                  'profile': 'Pablo Hermidamanolo.jpg',
                  'status': 0,
                  'streamkey': 'KGF9TH3l',
                  'token': 'edfCiwx5wHK8pgxU',
                  'username': 'Pablo Hermida'},
    'status': 200}


<------------------------------------------------------->


Date: 2023-12-02 14:36:24.194029
Called: getUserByNameOrEmail
Args:
{
    "username": "phermidagomez@gmail.com",
    "email": false,
    "result": {
        "_id": "64c9280e5d727d66f83f315c",
        "username": "Pablo Hermida",
        "password": "SSSSSHHHH SECRET",
        "email": "phermidagomez@gmail.com",
        "phone": "000000000",
        "status": 0,
        "emailVerified": true,
        "profile": "Pablo Hermidamanolo.jpg",
        "description": "",
        "token": "edfCiwx5wHK8pgxU",
        "streamkey": "KGF9TH3l"
    }
}
Response:
{   'error': '',
    'result': {   '_id': '64c9280e5d727d66f83f315c',
                  'description': '',
                  'email': 'phermidagomez@gmail.com',
                  'emailVerified': True,
                  'password': 'SSSSSHHHH SECRET',
                  'phone': '000000000',
                  'profile': 'Pablo Hermidamanolo.jpg',
                  'status': 0,
                  'streamkey': 'KGF9TH3l',
                  'token': 'edfCiwx5wHK8pgxU',
                  'username': 'Pablo Hermida'},
    'status': 200}


<------------------------------------------------------->


Date: 2023-12-02 14:36:39.516043
Called: getUserByNameOrEmail
Args:
{
    "username": "phermidagomez@gmail.com",
    "email": false,
    "result": {
        "_id": "64c9280e5d727d66f83f315c",
        "username": "Pablo Hermida",
        "password": "SSSSSHHHH SECRET",
        "email": "phermidagomez@gmail.com",
        "phone": "000000000",
        "status": 0,
        "emailVerified": true,
        "profile": "Pablo Hermidamanolo.jpg",
        "description": "",
        "token": "edfCiwx5wHK8pgxU",
        "streamkey": "KGF9TH3l"
    }
}
Response:
{   'error': '',
    'result': {   '_id': '64c9280e5d727d66f83f315c',
                  'description': '',
                  'email': 'phermidagomez@gmail.com',
                  'emailVerified': True,
                  'password': 'SSSSSHHHH SECRET',
                  'phone': '000000000',
                  'profile': 'Pablo Hermidamanolo.jpg',
                  'status': 0,
                  'streamkey': 'KGF9TH3l',
                  'token': 'edfCiwx5wHK8pgxU',
                  'username': 'Pablo Hermida'},
    'status': 200}


<------------------------------------------------------->


Date: 2023-12-02 14:36:42.342173
Called: getUserByNameOrEmail
Args:
{
    "username": "phermidagomez@gmail.com",
    "email": false,
    "result": {
        "_id": "64c9280e5d727d66f83f315c",
        "username": "Pablo Hermida",
        "password": "SSSSSHHHH SECRET",
        "email": "phermidagomez@gmail.com",
        "phone": "000000000",
        "status": 0,
        "emailVerified": true,
        "profile": "Pablo Hermidamanolo.jpg",
        "description": "",
        "token": "edfCiwx5wHK8pgxU",
        "streamkey": "KGF9TH3l"
    }
}
Response:
{   'error': '',
    'result': {   '_id': '64c9280e5d727d66f83f315c',
                  'description': '',
                  'email': 'phermidagomez@gmail.com',
                  'emailVerified': True,
                  'password': 'SSSSSHHHH SECRET',
                  'phone': '000000000',
                  'profile': 'Pablo Hermidamanolo.jpg',
                  'status': 0,
                  'streamkey': 'KGF9TH3l',
                  'token': 'edfCiwx5wHK8pgxU',
                  'username': 'Pablo Hermida'},
    'status': 200}


<------------------------------------------------------->


Date: 2023-12-02 14:37:05.930373
Called: getUserByNameOrEmail
Args:
{
    "username": "phermidagomez@gmail.com",
    "email": false,
    "result": {
        "_id": "64c9280e5d727d66f83f315c",
        "username": "Pablo Hermida",
        "password": "SSSSSHHHH SECRET",
        "email": "phermidagomez@gmail.com",
        "phone": "000000000",
        "status": 0,
        "emailVerified": true,
        "profile": "Pablo Hermidamanolo.jpg",
        "description": "",
        "token": "edfCiwx5wHK8pgxU",
        "streamkey": "KGF9TH3l"
    }
}
Response:
{   'error': '',
    'result': {   '_id': '64c9280e5d727d66f83f315c',
                  'description': '',
                  'email': 'phermidagomez@gmail.com',
                  'emailVerified': True,
                  'password': 'SSSSSHHHH SECRET',
                  'phone': '000000000',
                  'profile': 'Pablo Hermidamanolo.jpg',
                  'status': 0,
                  'streamkey': 'KGF9TH3l',
                  'token': 'edfCiwx5wHK8pgxU',
                  'username': 'Pablo Hermida'},
    'status': 200}


<------------------------------------------------------->


Date: 2023-12-02 14:37:17.487375
Called: getUserByNameOrEmail
Args:
{
    "username": "phermidagomez@gmail.com",
    "email": false,
    "result": {
        "_id": "64c9280e5d727d66f83f315c",
        "username": "Pablo Hermida",
        "password": "SSSSSHHHH SECRET",
        "email": "phermidagomez@gmail.com",
        "phone": "000000000",
        "status": 0,
        "emailVerified": true,
        "profile": "Pablo Hermidamanolo.jpg",
        "description": "",
        "token": "edfCiwx5wHK8pgxU",
        "streamkey": "KGF9TH3l"
    }
}
Response:
{   'error': '',
    'result': {   '_id': '64c9280e5d727d66f83f315c',
                  'description': '',
                  'email': 'phermidagomez@gmail.com',
                  'emailVerified': True,
                  'password': 'SSSSSHHHH SECRET',
                  'phone': '000000000',
                  'profile': 'Pablo Hermidamanolo.jpg',
                  'status': 0,
                  'streamkey': 'KGF9TH3l',
                  'token': 'edfCiwx5wHK8pgxU',
                  'username': 'Pablo Hermida'},
    'status': 200}


<------------------------------------------------------->


Date: 2023-12-02 14:37:30.019902
Called: getUserByNameOrEmail
Args:
{
    "username": "phermidagomez@gmail.com",
    "email": false,
    "result": {
        "_id": "64c9280e5d727d66f83f315c",
        "username": "Pablo Hermida",
        "password": "SSSSSHHHH SECRET",
        "email": "phermidagomez@gmail.com",
        "phone": "000000000",
        "status": 0,
        "emailVerified": true,
        "profile": "Pablo Hermidamanolo.jpg",
        "description": "",
        "token": "edfCiwx5wHK8pgxU",
        "streamkey": "KGF9TH3l"
    }
}
Response:
{   'error': '',
    'result': {   '_id': '64c9280e5d727d66f83f315c',
                  'description': '',
                  'email': 'phermidagomez@gmail.com',
                  'emailVerified': True,
                  'password': 'SSSSSHHHH SECRET',
                  'phone': '000000000',
                  'profile': 'Pablo Hermidamanolo.jpg',
                  'status': 0,
                  'streamkey': 'KGF9TH3l',
                  'token': 'edfCiwx5wHK8pgxU',
                  'username': 'Pablo Hermida'},
    'status': 200}


<------------------------------------------------------->


Date: 2023-12-02 14:37:33.478557
Called: getUserByNameOrEmail
Args:
{
    "username": "phermidagomez@gmail.com",
    "email": false,
    "result": {
        "_id": "64c9280e5d727d66f83f315c",
        "username": "Pablo Hermida",
        "password": "SSSSSHHHH SECRET",
        "email": "phermidagomez@gmail.com",
        "phone": "000000000",
        "status": 0,
        "emailVerified": true,
        "profile": "Pablo Hermidamanolo.jpg",
        "description": "",
        "token": "edfCiwx5wHK8pgxU",
        "streamkey": "KGF9TH3l"
    }
}
Response:
{   'error': '',
    'result': {   '_id': '64c9280e5d727d66f83f315c',
                  'description': '',
                  'email': 'phermidagomez@gmail.com',
                  'emailVerified': True,
                  'password': 'SSSSSHHHH SECRET',
                  'phone': '000000000',
                  'profile': 'Pablo Hermidamanolo.jpg',
                  'status': 0,
                  'streamkey': 'KGF9TH3l',
                  'token': 'edfCiwx5wHK8pgxU',
                  'username': 'Pablo Hermida'},
    'status': 200}


<------------------------------------------------------->


Date: 2023-12-02 14:37:47.783944
Called: getUserByNameOrEmail
Args:
{
    "username": "phermidagomez@gmail.com",
    "email": false,
    "result": {
        "_id": "64c9280e5d727d66f83f315c",
        "username": "Pablo Hermida",
        "password": "SSSSSHHHH SECRET",
        "email": "phermidagomez@gmail.com",
        "phone": "000000000",
        "status": 0,
        "emailVerified": true,
        "profile": "Pablo Hermidamanolo.jpg",
        "description": "",
        "token": "edfCiwx5wHK8pgxU",
        "streamkey": "KGF9TH3l"
    }
}
Response:
{   'error': '',
    'result': {   '_id': '64c9280e5d727d66f83f315c',
                  'description': '',
                  'email': 'phermidagomez@gmail.com',
                  'emailVerified': True,
                  'password': 'SSSSSHHHH SECRET',
                  'phone': '000000000',
                  'profile': 'Pablo Hermidamanolo.jpg',
                  'status': 0,
                  'streamkey': 'KGF9TH3l',
                  'token': 'edfCiwx5wHK8pgxU',
                  'username': 'Pablo Hermida'},
    'status': 200}


<------------------------------------------------------->


Date: 2023-12-02 14:37:51.089564
Called: getUserByNameOrEmail
Args:
{
    "username": "phermidagomez@gmail.com",
    "email": false,
    "result": {
        "_id": "64c9280e5d727d66f83f315c",
        "username": "Pablo Hermida",
        "password": "SSSSSHHHH SECRET",
        "email": "phermidagomez@gmail.com",
        "phone": "000000000",
        "status": 0,
        "emailVerified": true,
        "profile": "Pablo Hermidamanolo.jpg",
        "description": "",
        "token": "edfCiwx5wHK8pgxU",
        "streamkey": "KGF9TH3l"
    }
}
Response:
{   'error': '',
    'result': {   '_id': '64c9280e5d727d66f83f315c',
                  'description': '',
                  'email': 'phermidagomez@gmail.com',
                  'emailVerified': True,
                  'password': 'SSSSSHHHH SECRET',
                  'phone': '000000000',
                  'profile': 'Pablo Hermidamanolo.jpg',
                  'status': 0,
                  'streamkey': 'KGF9TH3l',
                  'token': 'edfCiwx5wHK8pgxU',
                  'username': 'Pablo Hermida'},
    'status': 200}


<------------------------------------------------------->


Date: 2023-12-02 14:38:23.998564
Called: getUserByNameOrEmail
Args:
{
    "username": "phermidagomez@gmail.com",
    "email": false,
    "result": {
        "_id": "64c9280e5d727d66f83f315c",
        "username": "Pablo Hermida",
        "password": "SSSSSHHHH SECRET",
        "email": "phermidagomez@gmail.com",
        "phone": "000000000",
        "status": 0,
        "emailVerified": true,
        "profile": "Pablo Hermidamanolo.jpg",
        "description": "",
        "token": "edfCiwx5wHK8pgxU",
        "streamkey": "KGF9TH3l"
    }
}
Response:
{   'error': '',
    'result': {   '_id': '64c9280e5d727d66f83f315c',
                  'description': '',
                  'email': 'phermidagomez@gmail.com',
                  'emailVerified': True,
                  'password': 'SSSSSHHHH SECRET',
                  'phone': '000000000',
                  'profile': 'Pablo Hermidamanolo.jpg',
                  'status': 0,
                  'streamkey': 'KGF9TH3l',
                  'token': 'edfCiwx5wHK8pgxU',
                  'username': 'Pablo Hermida'},
    'status': 200}


<------------------------------------------------------->


Date: 2023-12-02 14:38:27.780171
Called: getUserByNameOrEmail
Args:
{
    "username": "phermidagomez@gmail.com",
    "email": false,
    "result": {
        "_id": "64c9280e5d727d66f83f315c",
        "username": "Pablo Hermida",
        "password": "SSSSSHHHH SECRET",
        "email": "phermidagomez@gmail.com",
        "phone": "000000000",
        "status": 0,
        "emailVerified": true,
        "profile": "Pablo Hermidamanolo.jpg",
        "description": "",
        "token": "edfCiwx5wHK8pgxU",
        "streamkey": "KGF9TH3l"
    }
}
Response:
{   'error': '',
    'result': {   '_id': '64c9280e5d727d66f83f315c',
                  'description': '',
                  'email': 'phermidagomez@gmail.com',
                  'emailVerified': True,
                  'password': 'SSSSSHHHH SECRET',
                  'phone': '000000000',
                  'profile': 'Pablo Hermidamanolo.jpg',
                  'status': 0,
                  'streamkey': 'KGF9TH3l',
                  'token': 'edfCiwx5wHK8pgxU',
                  'username': 'Pablo Hermida'},
    'status': 200}


<------------------------------------------------------->


Date: 2023-12-02 14:38:45.760777
Called: getUserByNameOrEmail
Args:
{
    "username": "phermidagomez@gmail.com",
    "email": false,
    "result": {
        "_id": "64c9280e5d727d66f83f315c",
        "username": "Pablo Hermida",
        "password": "SSSSSHHHH SECRET",
        "email": "phermidagomez@gmail.com",
        "phone": "000000000",
        "status": 0,
        "emailVerified": true,
        "profile": "Pablo Hermidamanolo.jpg",
        "description": "",
        "token": "edfCiwx5wHK8pgxU",
        "streamkey": "KGF9TH3l"
    }
}
Response:
{   'error': '',
    'result': {   '_id': '64c9280e5d727d66f83f315c',
                  'description': '',
                  'email': 'phermidagomez@gmail.com',
                  'emailVerified': True,
                  'password': 'SSSSSHHHH SECRET',
                  'phone': '000000000',
                  'profile': 'Pablo Hermidamanolo.jpg',
                  'status': 0,
                  'streamkey': 'KGF9TH3l',
                  'token': 'edfCiwx5wHK8pgxU',
                  'username': 'Pablo Hermida'},
    'status': 200}


<------------------------------------------------------->


Date: 2023-12-02 14:38:55.665558
Called: getUserByNameOrEmail
Args:
{
    "username": "phermidagomez@gmail.com",
    "email": false,
    "result": {
        "_id": "64c9280e5d727d66f83f315c",
        "username": "Pablo Hermida",
        "password": "SSSSSHHHH SECRET",
        "email": "phermidagomez@gmail.com",
        "phone": "000000000",
        "status": 0,
        "emailVerified": true,
        "profile": "Pablo Hermidamanolo.jpg",
        "description": "",
        "token": "edfCiwx5wHK8pgxU",
        "streamkey": "KGF9TH3l"
    }
}
Response:
{   'error': '',
    'result': {   '_id': '64c9280e5d727d66f83f315c',
                  'description': '',
                  'email': 'phermidagomez@gmail.com',
                  'emailVerified': True,
                  'password': 'SSSSSHHHH SECRET',
                  'phone': '000000000',
                  'profile': 'Pablo Hermidamanolo.jpg',
                  'status': 0,
                  'streamkey': 'KGF9TH3l',
                  'token': 'edfCiwx5wHK8pgxU',
                  'username': 'Pablo Hermida'},
    'status': 200}


<------------------------------------------------------->
