

Date: 2024-04-24 00:00:44.553131
Called: getUserByNameOrEmail
Args:
{
    "username": "phgfull@gmail.com",
    "email": false,
    "result": {
        "_id": "66276e7dc9be3ad3de51b087",
        "username": "7FULL",
        "password": "SSSSSHHHH SECRET",
        "email": "phgfull@gmail.com",
        "phone": "000000000",
        "status": 0,
        "emailVerified": false,
        "description": "",
        "token": "NlSej06d",
        "profile": "static/users/7FULL.png"
    }
}
Response:
{   'error': '',
    'result': {   '_id': '66276e7dc9be3ad3de51b087',
                  'description': '',
                  'email': 'phgfull@gmail.com',
                  'emailVerified': False,
                  'password': 'SSSSSHHHH SECRET',
                  'phone': '000000000',
                  'profile': 'static/users/7FULL.png',
                  'status': 0,
                  'token': 'NlSej06d',
                  'username': '7FULL'},
    'status': 200}


<------------------------------------------------------->


Date: 2024-04-24 00:08:33.230716
Called: getUserByNameOrEmail
Args:
{
    "username": "phgfull@gmail.com",
    "email": false,
    "result": {
        "_id": "66276e7dc9be3ad3de51b087",
        "username": "7FULL",
        "password": "SSSSSHHHH SECRET",
        "email": "phgfull@gmail.com",
        "phone": "000000000",
        "status": 0,
        "emailVerified": false,
        "description": "",
        "token": "NlSej06d",
        "profile": "static/users/7FULL.png"
    }
}
Response:
{   'error': '',
    'result': {   '_id': '66276e7dc9be3ad3de51b087',
                  'description': '',
                  'email': 'phgfull@gmail.com',
                  'emailVerified': False,
                  'password': 'SSSSSHHHH SECRET',
                  'phone': '000000000',
                  'profile': 'static/users/7FULL.png',
                  'status': 0,
                  'token': 'NlSej06d',
                  'username': '7FULL'},
    'status': 200}


<------------------------------------------------------->


Date: 2024-04-24 00:09:23.639977
Called: getUserByNameOrEmail
Args:
{
    "username": "phgfull@gmail.com",
    "email": false,
    "result": {
        "_id": "66276e7dc9be3ad3de51b087",
        "username": "7FULL",
        "password": "SSSSSHHHH SECRET",
        "email": "phgfull@gmail.com",
        "phone": "000000000",
        "status": 0,
        "emailVerified": false,
        "description": "",
        "token": "NlSej06d",
        "profile": "static/users/7FULL.png"
    }
}
Response:
{   'error': '',
    'result': {   '_id': '66276e7dc9be3ad3de51b087',
                  'description': '',
                  'email': 'phgfull@gmail.com',
                  'emailVerified': False,
                  'password': 'SSSSSHHHH SECRET',
                  'phone': '000000000',
                  'profile': 'static/users/7FULL.png',
                  'status': 0,
                  'token': 'NlSej06d',
                  'username': '7FULL'},
    'status': 200}


<------------------------------------------------------->
